<?xml version="1.0" encoding="UTF-8"?>
<!-- Generated by org.testng.reporters.JUnitXMLReporter -->
<testsuite hostname="WSPL_LAP_033" name="Test1" tests="4" failures="1" timestamp="26 Sep 2016 11:43:33 GMT" time="27.679" errors="0">
  <testcase name="OpenBrowser" time="6.306" classname="seleniumPackage.SeleniumTests"/>
  <testcase name="OpenSite" time="21.092" classname="seleniumPackage.SeleniumTests"/>
  <testcase name="VerifyTitle" time="0.004" classname="seleniumPackage.SeleniumTests">
    <failure type="java.lang.AssertionError" message="expected [2] but found [1]">
      <![CDATA[java.lang.AssertionError: expected [2] but found [1]
	at seleniumPackage.SeleniumTests.VerifyTitle(SeleniumTests.java:29)
... Removed 32 stack frames]]>
    </failure>
  </testcase> <!-- VerifyTitle -->
  <testcase name="Close" time="0.255" classname="seleniumPackage.SeleniumTests"/>
</testsuite> <!-- Test1 -->
